Copyright 1986-2018 Xilinx, Inc. All Rights Reserved.
-----------------------------------------------------------------------------------------
| Tool Version : Vivado v.2018.3 (win64) Build 2405991 Thu Dec  6 23:38:27 MST 2018
| Date         : Fri Apr 28 09:20:13 2023
| Host         : dzxx74 running 64-bit major release  (build 9200)
| Command      : report_control_sets -verbose -file Whack_a_mole_control_sets_placed.rpt
| Design       : Whack_a_mole
| Device       : xc7a35t
-----------------------------------------------------------------------------------------

Control Set Information

Table of Contents
-----------------
1. Summary
2. Histogram
3. Flip-Flop Distribution
4. Detailed Control Set Information

1. Summary
----------

+----------------------------------------------------------+-------+
|                          Status                          | Count |
+----------------------------------------------------------+-------+
| Number of unique control sets                            |    40 |
| Unused register locations in slices containing registers |   122 |
+----------------------------------------------------------+-------+


2. Histogram
------------

+--------+--------------+
| Fanout | Control Sets |
+--------+--------------+
|      1 |            2 |
|      2 |            4 |
|      3 |            3 |
|      4 |            3 |
|      5 |            6 |
|      6 |            1 |
|      7 |            2 |
|      8 |            8 |
|     15 |            2 |
|    16+ |            9 |
+--------+--------------+


3. Flip-Flop Distribution
-------------------------

+--------------+-----------------------+------------------------+-----------------+--------------+
| Clock Enable | Synchronous Set/Reset | Asynchronous Set/Reset | Total Registers | Total Slices |
+--------------+-----------------------+------------------------+-----------------+--------------+
| No           | No                    | No                     |               4 |            1 |
| No           | No                    | Yes                    |             246 |           67 |
| No           | Yes                   | No                     |               0 |            0 |
| Yes          | No                    | No                     |               0 |            0 |
| Yes          | No                    | Yes                    |             287 |          121 |
| Yes          | Yes                   | No                     |               5 |            2 |
+--------------+-----------------------+------------------------+-----------------+--------------+


4. Detailed Control Set Information
-----------------------------------

+----------------+-------------------------------------------+--------------------------------------+------------------+----------------+
|  Clock Signal  |               Enable Signal               |           Set/Reset Signal           | Slice Load Count | Bel Load Count |
+----------------+-------------------------------------------+--------------------------------------+------------------+----------------+
|  clk_IBUF_BUFG | game_count_down/seg_code_2[6]_i_1__2_n_0  | game_loop/AR[0]                      |                1 |              1 |
|  clk_IBUF_BUFG | game_over/dig_display[7]_i_1__1_n_0       | game_start/AR[0]                     |                1 |              1 |
|  clk_IBUF_BUFG | game_count_down/seg_code_2[6]_i_1__2_n_0  | game_over/rst_n[0]                   |                1 |              2 |
|  clk_IBUF_BUFG | game_over/diff_led_show[7]_i_1__0_n_0     | game_over/rst_n[1]                   |                1 |              2 |
|  clk_IBUF_BUFG | game_start/seg_code_1[6]_i_1__0_n_0       | game_over/rst_n[1]                   |                1 |              2 |
|  clk_IBUF_BUFG | game_count_down/dig_display[4]_i_1__1_n_0 | game_over/rst_n[0]                   |                1 |              2 |
|  clk_IBUF_BUFG | game_count_down/seg_code_2[6]_i_1__2_n_0  | game_over/rst_n[1]                   |                2 |              3 |
|  clk_IBUF_BUFG | game_loop/dig_display[7]_i_1__2_n_0       | game_over/rst_n[1]                   |                1 |              3 |
|  clk_IBUF_BUFG | game_over/dig_display[7]_i_1__1_n_0       | game_over/rst_n[0]                   |                3 |              3 |
|  clk_IBUF_BUFG | game_start/dig_display[7]_i_1_n_0         | game_start/AR[0]                     |                1 |              4 |
|  clk_IBUF_BUFG | game_loop/dig_display[7]_i_1__2_n_0       | game_loop/AR[0]                      |                1 |              4 |
|  clk_IBUF_BUFG |                                           |                                      |                1 |              4 |
|  clk_IBUF_BUFG | game_count_down/dig_display[4]_i_1__1_n_0 | game_over/rst_n[1]                   |                2 |              5 |
|  clk_IBUF_BUFG | game_ready/dig_display[6]_i_2_n_0         | game_ready/dig_display[6]_i_1__0_n_0 |                2 |              5 |
|  clk_IBUF_BUFG | game_over/m1_num[4]_i_1_n_0               | game_over/rst_n[1]                   |                1 |              5 |
|  clk_IBUF_BUFG | game_over/m2_num[4]_i_1_n_0               | game_over/rst_n[1]                   |                2 |              5 |
|  clk_IBUF_BUFG | game_start/seg_code_1[6]_i_1__0_n_0       | game_over/rst_n[0]                   |                3 |              5 |
|  clk_IBUF_BUFG | game_start/seg_code_1[6]_i_1__0_n_0       | game_start/AR[0]                     |                5 |              5 |
|  clk_IBUF_BUFG | game_over/diff_led_show[7]_i_1__0_n_0     | game_over/rst_n[0]                   |                2 |              6 |
|  clk_IBUF_BUFG | game_loop/loop_num[6]_i_1_n_0             | game_loop/AR[0]                      |                4 |              7 |
|  clk_IBUF_BUFG | game_loop/score[6]_i_1_n_0                | game_over/rst_n[1]                   |                3 |              7 |
|  clk_IBUF_BUFG |                                           | game_over/rst_n[0]                   |                2 |              8 |
|  clk_IBUF_BUFG | game_loop/E[0]                            | game_over/rst_n[0]                   |                4 |              8 |
|  clk_IBUF_BUFG | game_count_down/E[0]                      | game_start/AR[0]                     |                3 |              8 |
|  clk_IBUF_BUFG | game_over/diff_led_show[7]_i_1__0_n_0     | game_start/AR[0]                     |                6 |              8 |
|  clk_IBUF_BUFG | game_over/p_2_in                          | game_start/AR[0]                     |                5 |              8 |
|  clk_IBUF_BUFG | game_ready/E[0]                           | game_over/rst_n[0]                   |                3 |              8 |
|  clk_IBUF_BUFG | game_start/diff_led_show0                 | game_start/AR[0]                     |                3 |              8 |
|  clk_IBUF_BUFG | game_start/difficulty[7]_i_1_n_0          | game_start/AR[0]                     |                1 |              8 |
|  clk_IBUF_BUFG | game_count_down/E[0]                      | game_over/rst_n[0]                   |                6 |             15 |
|  clk_IBUF_BUFG | game_over/dig_display[7]_i_1__1_n_0       | game_over/rst_n[1]                   |                8 |             15 |
|  clk_IBUF_BUFG | game_start/loop_game_reg[0]               | game_loop/AR[0]                      |               10 |             17 |
|  clk_IBUF_BUFG | game_over/p_2_in                          | game_over/rst_n[1]                   |                7 |             23 |
|  clk_IBUF_BUFG | game_ready/p_0_in                         | game_ready/rst_n[0]                  |                7 |             29 |
|  clk_IBUF_BUFG | game_count_down/p_0_in                    | game_ready/rst_n[0]                  |               12 |             30 |
|  clk_IBUF_BUFG | game_start/p_0_in                         | game_start/AR[0]                     |               10 |             30 |
|  clk_IBUF_BUFG |                                           | game_start/AR[0]                     |               13 |             39 |
|  clk_IBUF_BUFG |                                           | game_over/rst_n[1]                   |               15 |             49 |
|  clk_IBUF_BUFG |                                           | game_ready/rst_n[0]                  |               14 |             60 |
|  clk_IBUF_BUFG |                                           | game_loop/AR[0]                      |               23 |             90 |
+----------------+-------------------------------------------+--------------------------------------+------------------+----------------+


